<?xml version="1.0" encoding="UTF-8"?>
<testsuite xmlns:xsi="http://www.w3.org/2001/XMLSchema-instance" xsi:noNamespaceSchemaLocation="https://maven.apache.org/surefire/maven-surefire-plugin/xsd/surefire-test-report.xsd" name="studio.rollinrock.maven.archetypes.AppTest" time="0.06" tests="1" errors="0" skipped="0" failures="0">
  <properties>
    <property name="gopherProxySet" value="false"/>
    <property name="awt.toolkit" value="sun.lwawt.macosx.LWCToolkit"/>
    <property name="file.encoding.pkg" value="sun.io"/>
    <property name="java.specification.version" value="1.8"/>
    <property name="sun.cpu.isalist" value=""/>
    <property name="sun.jnu.encoding" value="UTF-8"/>
    <property name="java.class.path" value="/Users/caojing/studio/projects/maven/archetypes/web-application-spring/web-application-spring-dao/target/test-classes:/Users/caojing/studio/projects/maven/archetypes/web-application-spring/web-application-spring-dao/target/classes:/Users/caojing/Work/dev/repository/repo-mvn/com/alibaba/druid/1.1.12/druid-1.1.12.jar:/Users/caojing/Work/dev/repository/repo-mvn/org/mybatis/mybatis-spring/1.3.2/mybatis-spring-1.3.2.jar:/Users/caojing/Work/dev/repository/repo-mvn/org/mybatis/generator/mybatis-generator-core/1.3.7/mybatis-generator-core-1.3.7.jar:/Users/caojing/Work/dev/repository/repo-mvn/org/mybatis/mybatis/3.4.6/mybatis-3.4.6.jar:/Users/caojing/Work/dev/repository/repo-mvn/org/springframework/spring-tx/4.2.6.RELEASE/spring-tx-4.2.6.RELEASE.jar:/Users/caojing/Work/dev/repository/repo-mvn/org/springframework/spring-beans/4.2.6.RELEASE/spring-beans-4.2.6.RELEASE.jar:/Users/caojing/Work/dev/repository/repo-mvn/org/springframework/spring-core/4.2.6.RELEASE/spring-core-4.2.6.RELEASE.jar:/Users/caojing/Work/dev/repository/repo-mvn/commons-logging/commons-logging/1.2/commons-logging-1.2.jar:/Users/caojing/Work/dev/repository/repo-mvn/org/springframework/spring-jdbc/4.2.6.RELEASE/spring-jdbc-4.2.6.RELEASE.jar:/Users/caojing/Work/dev/repository/repo-mvn/mysql/mysql-connector-java/8.0.13/mysql-connector-java-8.0.13.jar:/Users/caojing/Work/dev/repository/repo-mvn/com/google/protobuf/protobuf-java/3.6.1/protobuf-java-3.6.1.jar:/Users/caojing/Work/dev/repository/repo-mvn/junit/junit/4.11/junit-4.11.jar:/Users/caojing/Work/dev/repository/repo-mvn/org/hamcrest/hamcrest-core/1.3/hamcrest-core-1.3.jar:/Users/caojing/Work/dev/repository/repo-mvn/org/projectlombok/lombok/1.18.4/lombok-1.18.4.jar:/Users/caojing/Work/dev/repository/repo-mvn/joda-time/joda-time/2.9.9/joda-time-2.9.9.jar:/Users/caojing/Work/dev/repository/repo-mvn/org/slf4j/slf4j-api/1.7.25/slf4j-api-1.7.25.jar:/Users/caojing/Work/dev/repository/repo-mvn/org/apache/logging/log4j/log4j-core/2.11.1/log4j-core-2.11.1.jar:/Users/caojing/Work/dev/repository/repo-mvn/org/apache/logging/log4j/log4j-api/2.11.1/log4j-api-2.11.1.jar:/Users/caojing/Work/dev/repository/repo-mvn/org/apache/logging/log4j/log4j-slf4j-impl/2.11.1/log4j-slf4j-impl-2.11.1.jar:/Users/caojing/Work/dev/repository/repo-mvn/com/lmax/disruptor/3.2.0/disruptor-3.2.0.jar:"/>
    <property name="java.vm.vendor" value="Oracle Corporation"/>
    <property name="sun.arch.data.model" value="64"/>
    <property name="java.vendor.url" value="http://java.oracle.com/"/>
    <property name="user.timezone" value=""/>
    <property name="java.vm.specification.version" value="1.8"/>
    <property name="os.name" value="Mac OS X"/>
    <property name="user.country" value="CN"/>
    <property name="sun.java.launcher" value="SUN_STANDARD"/>
    <property name="sun.boot.library.path" value="/Library/Java/JavaVirtualMachines/jdk1.8.0_121.jdk/Contents/Home/jre/lib"/>
    <property name="sun.java.command" value="/Users/caojing/studio/projects/maven/archetypes/web-application-spring/web-application-spring-dao/target/surefire/surefirebooter4175229398121384009.jar /Users/caojing/studio/projects/maven/archetypes/web-application-spring/web-application-spring-dao/target/surefire 2019-01-06T00-06-12_542-jvmRun1 surefire7225943115109470154tmp surefire_05045469797516991439tmp"/>
    <property name="surefire.test.class.path" value="/Users/caojing/studio/projects/maven/archetypes/web-application-spring/web-application-spring-dao/target/test-classes:/Users/caojing/studio/projects/maven/archetypes/web-application-spring/web-application-spring-dao/target/classes:/Users/caojing/Work/dev/repository/repo-mvn/com/alibaba/druid/1.1.12/druid-1.1.12.jar:/Users/caojing/Work/dev/repository/repo-mvn/org/mybatis/mybatis-spring/1.3.2/mybatis-spring-1.3.2.jar:/Users/caojing/Work/dev/repository/repo-mvn/org/mybatis/generator/mybatis-generator-core/1.3.7/mybatis-generator-core-1.3.7.jar:/Users/caojing/Work/dev/repository/repo-mvn/org/mybatis/mybatis/3.4.6/mybatis-3.4.6.jar:/Users/caojing/Work/dev/repository/repo-mvn/org/springframework/spring-tx/4.2.6.RELEASE/spring-tx-4.2.6.RELEASE.jar:/Users/caojing/Work/dev/repository/repo-mvn/org/springframework/spring-beans/4.2.6.RELEASE/spring-beans-4.2.6.RELEASE.jar:/Users/caojing/Work/dev/repository/repo-mvn/org/springframework/spring-core/4.2.6.RELEASE/spring-core-4.2.6.RELEASE.jar:/Users/caojing/Work/dev/repository/repo-mvn/commons-logging/commons-logging/1.2/commons-logging-1.2.jar:/Users/caojing/Work/dev/repository/repo-mvn/org/springframework/spring-jdbc/4.2.6.RELEASE/spring-jdbc-4.2.6.RELEASE.jar:/Users/caojing/Work/dev/repository/repo-mvn/mysql/mysql-connector-java/8.0.13/mysql-connector-java-8.0.13.jar:/Users/caojing/Work/dev/repository/repo-mvn/com/google/protobuf/protobuf-java/3.6.1/protobuf-java-3.6.1.jar:/Users/caojing/Work/dev/repository/repo-mvn/junit/junit/4.11/junit-4.11.jar:/Users/caojing/Work/dev/repository/repo-mvn/org/hamcrest/hamcrest-core/1.3/hamcrest-core-1.3.jar:/Users/caojing/Work/dev/repository/repo-mvn/org/projectlombok/lombok/1.18.4/lombok-1.18.4.jar:/Users/caojing/Work/dev/repository/repo-mvn/joda-time/joda-time/2.9.9/joda-time-2.9.9.jar:/Users/caojing/Work/dev/repository/repo-mvn/org/slf4j/slf4j-api/1.7.25/slf4j-api-1.7.25.jar:/Users/caojing/Work/dev/repository/repo-mvn/org/apache/logging/log4j/log4j-core/2.11.1/log4j-core-2.11.1.jar:/Users/caojing/Work/dev/repository/repo-mvn/org/apache/logging/log4j/log4j-api/2.11.1/log4j-api-2.11.1.jar:/Users/caojing/Work/dev/repository/repo-mvn/org/apache/logging/log4j/log4j-slf4j-impl/2.11.1/log4j-slf4j-impl-2.11.1.jar:/Users/caojing/Work/dev/repository/repo-mvn/com/lmax/disruptor/3.2.0/disruptor-3.2.0.jar:"/>
    <property name="sun.cpu.endian" value="little"/>
    <property name="user.home" value="/Users/caojing"/>
    <property name="user.language" value="zh"/>
    <property name="java.specification.vendor" value="Oracle Corporation"/>
    <property name="java.home" value="/Library/Java/JavaVirtualMachines/jdk1.8.0_121.jdk/Contents/Home/jre"/>
    <property name="basedir" value="/Users/caojing/studio/projects/maven/archetypes/web-application-spring/web-application-spring-dao"/>
    <property name="file.separator" value="/"/>
    <property name="line.separator" value="&#10;"/>
    <property name="java.vm.specification.vendor" value="Oracle Corporation"/>
    <property name="java.specification.name" value="Java Platform API Specification"/>
    <property name="java.awt.graphicsenv" value="sun.awt.CGraphicsEnvironment"/>
    <property name="surefire.real.class.path" value="/Users/caojing/studio/projects/maven/archetypes/web-application-spring/web-application-spring-dao/target/surefire/surefirebooter4175229398121384009.jar"/>
    <property name="sun.boot.class.path" value="/Library/Java/JavaVirtualMachines/jdk1.8.0_121.jdk/Contents/Home/jre/lib/resources.jar:/Library/Java/JavaVirtualMachines/jdk1.8.0_121.jdk/Contents/Home/jre/lib/rt.jar:/Library/Java/JavaVirtualMachines/jdk1.8.0_121.jdk/Contents/Home/jre/lib/sunrsasign.jar:/Library/Java/JavaVirtualMachines/jdk1.8.0_121.jdk/Contents/Home/jre/lib/jsse.jar:/Library/Java/JavaVirtualMachines/jdk1.8.0_121.jdk/Contents/Home/jre/lib/jce.jar:/Library/Java/JavaVirtualMachines/jdk1.8.0_121.jdk/Contents/Home/jre/lib/charsets.jar:/Library/Java/JavaVirtualMachines/jdk1.8.0_121.jdk/Contents/Home/jre/lib/jfr.jar:/Library/Java/JavaVirtualMachines/jdk1.8.0_121.jdk/Contents/Home/jre/classes"/>
    <property name="sun.management.compiler" value="HotSpot 64-Bit Tiered Compilers"/>
    <property name="java.runtime.version" value="1.8.0_121-b13"/>
    <property name="user.name" value="caojing"/>
    <property name="path.separator" value=":"/>
    <property name="os.version" value="10.12.6"/>
    <property name="java.endorsed.dirs" value="/Library/Java/JavaVirtualMachines/jdk1.8.0_121.jdk/Contents/Home/jre/lib/endorsed"/>
    <property name="java.runtime.name" value="Java(TM) SE Runtime Environment"/>
    <property name="file.encoding" value="UTF-8"/>
    <property name="java.vm.name" value="Java HotSpot(TM) 64-Bit Server VM"/>
    <property name="localRepository" value="/Users/caojing/Work/dev/repository/repo-mvn"/>
    <property name="java.vendor.url.bug" value="http://bugreport.sun.com/bugreport/"/>
    <property name="java.io.tmpdir" value="/var/folders/7k/wwchhfcj5t3dl_s2xk38g0bw0000gn/T/"/>
    <property name="java.version" value="1.8.0_121"/>
    <property name="user.dir" value="/Users/caojing/studio/projects/maven/archetypes/web-application-spring/web-application-spring-dao"/>
    <property name="os.arch" value="x86_64"/>
    <property name="java.vm.specification.name" value="Java Virtual Machine Specification"/>
    <property name="java.awt.printerjob" value="sun.lwawt.macosx.CPrinterJob"/>
    <property name="sun.os.patch.level" value="unknown"/>
    <property name="java.library.path" value="/Users/caojing/Library/Java/Extensions:/Library/Java/Extensions:/Network/Library/Java/Extensions:/System/Library/Java/Extensions:/usr/lib/java:."/>
    <property name="java.vm.info" value="mixed mode"/>
    <property name="java.vendor" value="Oracle Corporation"/>
    <property name="java.vm.version" value="25.121-b13"/>
    <property name="java.ext.dirs" value="/Users/caojing/Library/Java/Extensions:/Library/Java/JavaVirtualMachines/jdk1.8.0_121.jdk/Contents/Home/jre/lib/ext:/Library/Java/Extensions:/Network/Library/Java/Extensions:/System/Library/Java/Extensions:/usr/lib/java"/>
    <property name="sun.io.unicode.encoding" value="UnicodeBig"/>
    <property name="java.class.version" value="52.0"/>
  </properties>
  <testcase name="shouldAnswerWithTrue" classname="studio.rollinrock.maven.archetypes.AppTest" time="0.002"/>
</testsuite>